Using pre-set license
Built from '2020.3/staging' branch; Version is '2020.3.21f1 (a38c86f6690f) revision 10718342'; Using compiler version '192528614'; Build Type 'Release'
OS: 'Windows 10 Home; OS build 19043.2006; Version 2009; 64bit' Language: 'pl' Physical Memory: 16305 MB
BatchMode: 1, IsHumanControllingUs: 0, StartBugReporterOnCrash: 0, Is64bit: 1, IsPro: 0

COMMAND LINE ARGUMENTS:
C:\Unity\2020.3.21f1\Editor\Unity.exe
-adb2
-batchMode
-noUpm
-name
AssetImportWorker0
-projectPath
C:/Users/waria/Documents/idk
-logFile
Logs/AssetImportWorker0.log
-srvPort
62818
Successfully changed project path to: C:/Users/waria/Documents/idk
C:/Users/waria/Documents/idk
Using Asset Import Pipeline V2.
Refreshing native plugins compatible for Editor in 39.02 ms, found 3 plugins.
Preloading 0 native plugins for Editor in 0.00 ms.
Initialize engine version: 2020.3.21f1 (a38c86f6690f)
[Subsystems] Discovering subsystems at path C:/Unity/2020.3.21f1/Editor/Data/Resources/UnitySubsystems
[Subsystems] Discovering subsystems at path C:/Users/waria/Documents/idk/Assets
GfxDevice: creating device client; threaded=0
Direct3D:
    Version:  Direct3D 11.0 [level 11.1]
    Renderer: NVIDIA GeForce GTX 960 (ID=0x1401)
    Vendor:   
    VRAM:     4053 MB
    Driver:   31.0.15.1659
Initialize mono
Mono path[0] = 'C:/Unity/2020.3.21f1/Editor/Data/Managed'
Mono path[1] = 'C:/Unity/2020.3.21f1/Editor/Data/MonoBleedingEdge/lib/mono/unityjit'
Mono config path = 'C:/Unity/2020.3.21f1/Editor/Data/MonoBleedingEdge/etc'
Using monoOptions --debugger-agent=transport=dt_socket,embedding=1,server=y,suspend=n,address=127.0.0.1:56512
Begin MonoManager ReloadAssembly
Registering precompiled unity dll's ...
Register platform support module: C:/Unity/2020.3.21f1/Editor/Data/PlaybackEngines/WindowsStandaloneSupport/UnityEditor.WindowsStandalone.Extensions.dll
Registered in 0.001493 seconds.
Native extension for WindowsStandalone target not found
Refreshing native plugins compatible for Editor in 39.42 ms, found 3 plugins.
Preloading 0 native plugins for Editor in 0.00 ms.
Mono: successfully reloaded assembly
- Completed reload, in  1.088 seconds
Domain Reload Profiling:
	ReloadAssembly (1088ms)
		BeginReloadAssembly (42ms)
			ExecutionOrderSort (0ms)
			DisableScriptedObjects (0ms)
			BackupInstance (0ms)
			ReleaseScriptingObjects (0ms)
			CreateAndSetChildDomain (1ms)
		EndReloadAssembly (473ms)
			LoadAssemblies (40ms)
			RebuildTransferFunctionScriptingTraits (0ms)
			SetupTypeCache (225ms)
			ReleaseScriptCaches (0ms)
			RebuildScriptCaches (24ms)
			SetupLoadedEditorAssemblies (145ms)
				LogAssemblyErrors (0ms)
				InitializePlatformSupportModulesInManaged (3ms)
				SetLoadedEditorAssemblies (0ms)
				RefreshPlugins (39ms)
				BeforeProcessingInitializeOnLoad (13ms)
				ProcessInitializeOnLoadAttributes (63ms)
				ProcessInitializeOnLoadMethodAttributes (26ms)
				AfterProcessingInitializeOnLoad (0ms)
				EditorAssembliesLoaded (0ms)
			ExecutionOrderSort2 (0ms)
			AwakeInstancesAfterBackupRestoration (0ms)
Platform modules already initialized, skipping
Registering precompiled user dll's ...
Registered in 0.110055 seconds.
Begin MonoManager ReloadAssembly
Native extension for WindowsStandalone target not found
Refreshing native plugins compatible for Editor in 47.10 ms, found 3 plugins.
Preloading 0 native plugins for Editor in 0.00 ms.
Mono: successfully reloaded assembly
- Completed reload, in  1.462 seconds
Domain Reload Profiling:
	ReloadAssembly (1466ms)
		BeginReloadAssembly (146ms)
			ExecutionOrderSort (0ms)
			DisableScriptedObjects (5ms)
			BackupInstance (0ms)
			ReleaseScriptingObjects (0ms)
			CreateAndSetChildDomain (19ms)
		EndReloadAssembly (1254ms)
			LoadAssemblies (89ms)
			RebuildTransferFunctionScriptingTraits (0ms)
			SetupTypeCache (427ms)
			ReleaseScriptCaches (0ms)
			RebuildScriptCaches (48ms)
			SetupLoadedEditorAssemblies (561ms)
				LogAssemblyErrors (0ms)
				InitializePlatformSupportModulesInManaged (4ms)
				SetLoadedEditorAssemblies (0ms)
				RefreshPlugins (47ms)
				BeforeProcessingInitializeOnLoad (85ms)
				ProcessInitializeOnLoadAttributes (403ms)
				ProcessInitializeOnLoadMethodAttributes (16ms)
				AfterProcessingInitializeOnLoad (5ms)
				EditorAssembliesLoaded (0ms)
			ExecutionOrderSort2 (0ms)
			AwakeInstancesAfterBackupRestoration (5ms)
Platform modules already initialized, skipping
========================================================================
Worker process is ready to serve import requests
Launched and connected shader compiler UnityShaderCompiler.exe after 0.06 seconds
Refreshing native plugins compatible for Editor in 0.39 ms, found 3 plugins.
Preloading 0 native plugins for Editor in 0.00 ms.
Unloading 2360 Unused Serialized files (Serialized files now loaded: 0)
System memory in use before: 104.5 MB.
System memory in use after: 104.7 MB.

Unloading 29 unused Assets to reduce memory usage. Loaded Objects now: 2803.
Total: 2.622600 ms (FindLiveObjects: 0.232600 ms CreateObjectMapping: 0.106700 ms MarkObjects: 2.229200 ms  DeleteObjects: 0.052900 ms)

AssetImportParameters requested are different than current active one (requested -> active):
  custom:framework-win-MediaFoundation: 216162199b28c13a410421893ffa2e32 -> 
  custom:video-decoder-ogg-theora: a1e56fd34408186e4bbccfd4996cb3dc -> 
  custom:container-muxer-webm: aa71ff27fc2769a1b78a27578f13a17b -> 
  custom:container-demuxer-webm: 4f35f7cbe854078d1ac9338744f61a02 -> 
  custom:container-demuxer-ogg: 62fdf1f143b41e24485cea50d1cbac27 -> 
  custom:video-encoder-webm-vp8: eb34c28f22e8b96e1ab97ce403110664 -> 
  custom:video-decoder-webm-vp8: 9c59270c3fd7afecdb556c50c9e8de78 -> 
  custom:audio-decoder-ogg-vorbis: bf7c407c2cedff20999df2af8eb42d56 -> 
  custom:audio-encoder-webm-vorbis: bf7c407c2cedff20999df2af8eb42d56 -> 
========================================================================
Received Import Request.
  path: Assets/Textures/ShipParts/drillBase2x3.png
  artifactKey: Guid(26f0ad7be9ed01b4e863efcb4ffbd416) Importer(815301076,1909f56bfc062723c751e8b465ee728b)
Start importing Assets/Textures/ShipParts/drillBase2x3.png using Guid(26f0ad7be9ed01b4e863efcb4ffbd416) Importer(815301076,1909f56bfc062723c751e8b465ee728b)  -> (artifact id: '1babd0c288dd360dca679c72251d600a') in 0.094074 seconds 
  Import took 0.100963 seconds .

========================================================================
Received Import Request.
  Time since last request: 0.000173 seconds.
  path: Assets/Textures/ShipParts/drill.png
  artifactKey: Guid(aa20be018ce3d1344a66444143d73e55) Importer(815301076,1909f56bfc062723c751e8b465ee728b)
Start importing Assets/Textures/ShipParts/drill.png using Guid(aa20be018ce3d1344a66444143d73e55) Importer(815301076,1909f56bfc062723c751e8b465ee728b)  -> (artifact id: 'b7b353fc4b00d80882f05d9596e0230c') in 0.010242 seconds 
  Import took 0.013916 seconds .

========================================================================
Received Prepare
Refreshing native plugins compatible for Editor in 3.34 ms, found 3 plugins.
Preloading 0 native plugins for Editor in 0.00 ms.
Unloading 15 Unused Serialized files (Serialized files now loaded: 0)
System memory in use before: 59.5 MB.
System memory in use after: 59.7 MB.

Unloading 15 unused Assets to reduce memory usage. Loaded Objects now: 2811.
Total: 3.230200 ms (FindLiveObjects: 0.185700 ms CreateObjectMapping: 0.093300 ms MarkObjects: 2.938400 ms  DeleteObjects: 0.012200 ms)

AssetImportParameters requested are different than current active one (requested -> active):
  custom:framework-win-MediaFoundation: 216162199b28c13a410421893ffa2e32 -> 
  custom:video-decoder-ogg-theora: a1e56fd34408186e4bbccfd4996cb3dc -> 
  custom:container-muxer-webm: aa71ff27fc2769a1b78a27578f13a17b -> 
  custom:container-demuxer-webm: 4f35f7cbe854078d1ac9338744f61a02 -> 
  custom:container-demuxer-ogg: 62fdf1f143b41e24485cea50d1cbac27 -> 
  custom:video-encoder-webm-vp8: eb34c28f22e8b96e1ab97ce403110664 -> 
  custom:video-decoder-webm-vp8: 9c59270c3fd7afecdb556c50c9e8de78 -> 
  custom:audio-decoder-ogg-vorbis: bf7c407c2cedff20999df2af8eb42d56 -> 
  custom:audio-encoder-webm-vorbis: bf7c407c2cedff20999df2af8eb42d56 -> 
========================================================================
Received Import Request.
  Time since last request: 1074.671010 seconds.
  path: Assets/Textures/ShipParts/drill.png
  artifactKey: Guid(aa20be018ce3d1344a66444143d73e55) Importer(815301076,1909f56bfc062723c751e8b465ee728b)
Start importing Assets/Textures/ShipParts/drill.png using Guid(aa20be018ce3d1344a66444143d73e55) Importer(815301076,1909f56bfc062723c751e8b465ee728b)  -> (artifact id: 'af56f557f219528eeae059c68d638ea6') in 0.010391 seconds 
  Import took 0.014275 seconds .

========================================================================
Received Import Request.
  Time since last request: 19.373637 seconds.
  path: Assets/Textures/ShipParts/drillBase2x3.png
  artifactKey: Guid(26f0ad7be9ed01b4e863efcb4ffbd416) Importer(815301076,1909f56bfc062723c751e8b465ee728b)
Start importing Assets/Textures/ShipParts/drillBase2x3.png using Guid(26f0ad7be9ed01b4e863efcb4ffbd416) Importer(815301076,1909f56bfc062723c751e8b465ee728b)  -> (artifact id: '00b34d073a178ba1a7f2bbc3980db1c9') in 0.008906 seconds 
  Import took 0.012245 seconds .

========================================================================
Received Import Request.
  Time since last request: 0.000975 seconds.
  path: Assets/Textures/ShipParts/drill.png
  artifactKey: Guid(aa20be018ce3d1344a66444143d73e55) Importer(815301076,1909f56bfc062723c751e8b465ee728b)
Start importing Assets/Textures/ShipParts/drill.png using Guid(aa20be018ce3d1344a66444143d73e55) Importer(815301076,1909f56bfc062723c751e8b465ee728b)  -> (artifact id: 'eba83936db9441a09f007edfded76064') in 0.008237 seconds 
  Import took 0.011397 seconds .

========================================================================
Received Import Request.
  Time since last request: 48.438065 seconds.
  path: Assets/Prefabs/2X3
  artifactKey: Guid(fae85554d36defd46ad358d3a85a5536) Importer(815301076,1909f56bfc062723c751e8b465ee728b)
Start importing Assets/Prefabs/2X3 using Guid(fae85554d36defd46ad358d3a85a5536) Importer(815301076,1909f56bfc062723c751e8b465ee728b)  -> (artifact id: '7015817a11cb855ea7895fc27244d174') in 0.004636 seconds 
  Import took 0.007867 seconds .

========================================================================
Received Import Request.
  Time since last request: 3.127450 seconds.
  path: Assets/Prefabs/2X3/drillBase2x3.prefab
  artifactKey: Guid(aced2fd8f4bdf1b4c916eff613a53c62) Importer(815301076,1909f56bfc062723c751e8b465ee728b)
Start importing Assets/Prefabs/2X3/drillBase2x3.prefab using Guid(aced2fd8f4bdf1b4c916eff613a53c62) Importer(815301076,1909f56bfc062723c751e8b465ee728b)  -> (artifact id: 'c8d1ac047e5ff78dfeaf883d6ecef2be') in 0.031363 seconds 
  Import took 0.035003 seconds .

========================================================================
Received Import Request.
  Time since last request: 6143.210733 seconds.
  path: Assets/Prefabs/2X3/drillBase2x3.prefab
  artifactKey: Guid(aced2fd8f4bdf1b4c916eff613a53c62) Importer(815301076,1909f56bfc062723c751e8b465ee728b)
Start importing Assets/Prefabs/2X3/drillBase2x3.prefab using Guid(aced2fd8f4bdf1b4c916eff613a53c62) Importer(815301076,1909f56bfc062723c751e8b465ee728b)  -> (artifact id: '15df65bf6dcf408386a12373fa2c183a') in 0.046695 seconds 
  Import took 0.079716 seconds .

========================================================================
Received Import Request.
  Time since last request: 186.238348 seconds.
  path: Assets/Prefabs/2X3/drillBase2x3.prefab
  artifactKey: Guid(aced2fd8f4bdf1b4c916eff613a53c62) Importer(815301076,1909f56bfc062723c751e8b465ee728b)
Start importing Assets/Prefabs/2X3/drillBase2x3.prefab using Guid(aced2fd8f4bdf1b4c916eff613a53c62) Importer(815301076,1909f56bfc062723c751e8b465ee728b)  -> (artifact id: 'ad59a09cdf0263f9b2c47a8156b0187d') in 0.013081 seconds 
  Import took 0.016529 seconds .

========================================================================
Received Prepare
Registering precompiled user dll's ...
Registered in 0.176920 seconds.
Begin MonoManager ReloadAssembly
Native extension for WindowsStandalone target not found
Refreshing native plugins compatible for Editor in 0.41 ms, found 3 plugins.
Preloading 0 native plugins for Editor in 0.00 ms.
Mono: successfully reloaded assembly
- Completed reload, in  1.037 seconds
Domain Reload Profiling:
	ReloadAssembly (1039ms)
		BeginReloadAssembly (164ms)
			ExecutionOrderSort (0ms)
			DisableScriptedObjects (14ms)
			BackupInstance (0ms)
			ReleaseScriptingObjects (0ms)
			CreateAndSetChildDomain (80ms)
		EndReloadAssembly (822ms)
			LoadAssemblies (80ms)
			RebuildTransferFunctionScriptingTraits (0ms)
			SetupTypeCache (252ms)
			ReleaseScriptCaches (1ms)
			RebuildScriptCaches (36ms)
			SetupLoadedEditorAssemblies (371ms)
				LogAssemblyErrors (0ms)
				InitializePlatformSupportModulesInManaged (5ms)
				SetLoadedEditorAssemblies (0ms)
				RefreshPlugins (0ms)
				BeforeProcessingInitializeOnLoad (68ms)
				ProcessInitializeOnLoadAttributes (284ms)
				ProcessInitializeOnLoadMethodAttributes (9ms)
				AfterProcessingInitializeOnLoad (5ms)
				EditorAssembliesLoaded (0ms)
			ExecutionOrderSort2 (0ms)
			AwakeInstancesAfterBackupRestoration (7ms)
Platform modules already initialized, skipping
Refreshing native plugins compatible for Editor in 0.42 ms, found 3 plugins.
Preloading 0 native plugins for Editor in 0.00 ms.
Unloading 2334 Unused Serialized files (Serialized files now loaded: 0)
System memory in use before: 105.5 MB.
System memory in use after: 105.7 MB.

Unloading 18 unused Assets to reduce memory usage. Loaded Objects now: 2817.
Total: 2.875600 ms (FindLiveObjects: 0.191800 ms CreateObjectMapping: 0.087700 ms MarkObjects: 2.569900 ms  DeleteObjects: 0.025400 ms)

AssetImportParameters requested are different than current active one (requested -> active):
  custom:framework-win-MediaFoundation: 216162199b28c13a410421893ffa2e32 -> 
  custom:video-decoder-ogg-theora: a1e56fd34408186e4bbccfd4996cb3dc -> 
  custom:container-muxer-webm: aa71ff27fc2769a1b78a27578f13a17b -> 
  custom:container-demuxer-webm: 4f35f7cbe854078d1ac9338744f61a02 -> 
  custom:container-demuxer-ogg: 62fdf1f143b41e24485cea50d1cbac27 -> 
  custom:video-encoder-webm-vp8: eb34c28f22e8b96e1ab97ce403110664 -> 
  custom:video-decoder-webm-vp8: 9c59270c3fd7afecdb556c50c9e8de78 -> 
  custom:audio-decoder-ogg-vorbis: bf7c407c2cedff20999df2af8eb42d56 -> 
  custom:audio-encoder-webm-vorbis: bf7c407c2cedff20999df2af8eb42d56 -> 
========================================================================
Received Import Request.
  Time since last request: 47.745705 seconds.
  path: Assets/Prefabs/2X3/drillBase2x3.prefab
  artifactKey: Guid(aced2fd8f4bdf1b4c916eff613a53c62) Importer(815301076,1909f56bfc062723c751e8b465ee728b)
Start importing Assets/Prefabs/2X3/drillBase2x3.prefab using Guid(aced2fd8f4bdf1b4c916eff613a53c62) Importer(815301076,1909f56bfc062723c751e8b465ee728b)  -> (artifact id: 'dc08afd25e2eb5d1b885629cb1f604d0') in 0.045577 seconds 
  Import took 0.048356 seconds .

========================================================================
Received Prepare
Registering precompiled user dll's ...
Registered in 0.003417 seconds.
Begin MonoManager ReloadAssembly
Native extension for WindowsStandalone target not found
Refreshing native plugins compatible for Editor in 0.43 ms, found 3 plugins.
Preloading 0 native plugins for Editor in 0.00 ms.
Mono: successfully reloaded assembly
- Completed reload, in  0.850 seconds
Domain Reload Profiling:
	ReloadAssembly (850ms)
		BeginReloadAssembly (102ms)
			ExecutionOrderSort (0ms)
			DisableScriptedObjects (5ms)
			BackupInstance (0ms)
			ReleaseScriptingObjects (0ms)
			CreateAndSetChildDomain (33ms)
		EndReloadAssembly (698ms)
			LoadAssemblies (69ms)
			RebuildTransferFunctionScriptingTraits (0ms)
			SetupTypeCache (253ms)
			ReleaseScriptCaches (1ms)
			RebuildScriptCaches (37ms)
			SetupLoadedEditorAssemblies (255ms)
				LogAssemblyErrors (0ms)
				InitializePlatformSupportModulesInManaged (4ms)
				SetLoadedEditorAssemblies (1ms)
				RefreshPlugins (0ms)
				BeforeProcessingInitializeOnLoad (67ms)
				ProcessInitializeOnLoadAttributes (168ms)
				ProcessInitializeOnLoadMethodAttributes (9ms)
				AfterProcessingInitializeOnLoad (6ms)
				EditorAssembliesLoaded (0ms)
			ExecutionOrderSort2 (0ms)
			AwakeInstancesAfterBackupRestoration (9ms)
Platform modules already initialized, skipping
Refreshing native plugins compatible for Editor in 0.41 ms, found 3 plugins.
Preloading 0 native plugins for Editor in 0.00 ms.
Unloading 2334 Unused Serialized files (Serialized files now loaded: 0)
System memory in use before: 105.6 MB.
System memory in use after: 105.8 MB.

Unloading 18 unused Assets to reduce memory usage. Loaded Objects now: 2820.
Total: 2.758900 ms (FindLiveObjects: 0.192900 ms CreateObjectMapping: 0.090200 ms MarkObjects: 2.459600 ms  DeleteObjects: 0.015400 ms)

AssetImportParameters requested are different than current active one (requested -> active):
  custom:framework-win-MediaFoundation: 216162199b28c13a410421893ffa2e32 -> 
  custom:video-decoder-ogg-theora: a1e56fd34408186e4bbccfd4996cb3dc -> 
  custom:container-muxer-webm: aa71ff27fc2769a1b78a27578f13a17b -> 
  custom:container-demuxer-webm: 4f35f7cbe854078d1ac9338744f61a02 -> 
  custom:container-demuxer-ogg: 62fdf1f143b41e24485cea50d1cbac27 -> 
  custom:video-encoder-webm-vp8: eb34c28f22e8b96e1ab97ce403110664 -> 
  custom:video-decoder-webm-vp8: 9c59270c3fd7afecdb556c50c9e8de78 -> 
  custom:audio-decoder-ogg-vorbis: bf7c407c2cedff20999df2af8eb42d56 -> 
  custom:audio-encoder-webm-vorbis: bf7c407c2cedff20999df2af8eb42d56 -> 
========================================================================
Received Import Request.
  Time since last request: 45.468819 seconds.
  path: Assets/Prefabs/mainchunk.prefab
  artifactKey: Guid(d78d282659c11924e9dca2c67bb6fc34) Importer(815301076,1909f56bfc062723c751e8b465ee728b)
Start importing Assets/Prefabs/mainchunk.prefab using Guid(d78d282659c11924e9dca2c67bb6fc34) Importer(815301076,1909f56bfc062723c751e8b465ee728b)  -> (artifact id: 'be50927463c60ec22f14bcc71a0c28e0') in 0.085980 seconds 
  Import took 0.089293 seconds .

========================================================================
Received Prepare
Registering precompiled user dll's ...
Registered in 0.003489 seconds.
Begin MonoManager ReloadAssembly
Native extension for WindowsStandalone target not found
Refreshing native plugins compatible for Editor in 0.39 ms, found 3 plugins.
Preloading 0 native plugins for Editor in 0.00 ms.
Mono: successfully reloaded assembly
- Completed reload, in  0.825 seconds
Domain Reload Profiling:
	ReloadAssembly (825ms)
		BeginReloadAssembly (98ms)
			ExecutionOrderSort (0ms)
			DisableScriptedObjects (5ms)
			BackupInstance (0ms)
			ReleaseScriptingObjects (0ms)
			CreateAndSetChildDomain (27ms)
		EndReloadAssembly (679ms)
			LoadAssemblies (69ms)
			RebuildTransferFunctionScriptingTraits (0ms)
			SetupTypeCache (237ms)
			ReleaseScriptCaches (1ms)
			RebuildScriptCaches (36ms)
			SetupLoadedEditorAssemblies (249ms)
				LogAssemblyErrors (0ms)
				InitializePlatformSupportModulesInManaged (4ms)
				SetLoadedEditorAssemblies (0ms)
				RefreshPlugins (0ms)
				BeforeProcessingInitializeOnLoad (67ms)
				ProcessInitializeOnLoadAttributes (165ms)
				ProcessInitializeOnLoadMethodAttributes (8ms)
				AfterProcessingInitializeOnLoad (5ms)
				EditorAssembliesLoaded (0ms)
			ExecutionOrderSort2 (0ms)
			AwakeInstancesAfterBackupRestoration (7ms)
Platform modules already initialized, skipping
Refreshing native plugins compatible for Editor in 0.40 ms, found 3 plugins.
Preloading 0 native plugins for Editor in 0.00 ms.
Unloading 2334 Unused Serialized files (Serialized files now loaded: 0)
System memory in use before: 105.6 MB.
System memory in use after: 105.9 MB.

Unloading 18 unused Assets to reduce memory usage. Loaded Objects now: 2823.
Total: 2.483900 ms (FindLiveObjects: 0.183500 ms CreateObjectMapping: 0.085800 ms MarkObjects: 2.201900 ms  DeleteObjects: 0.012200 ms)

AssetImportParameters requested are different than current active one (requested -> active):
  custom:framework-win-MediaFoundation: 216162199b28c13a410421893ffa2e32 -> 
  custom:video-decoder-ogg-theora: a1e56fd34408186e4bbccfd4996cb3dc -> 
  custom:container-muxer-webm: aa71ff27fc2769a1b78a27578f13a17b -> 
  custom:container-demuxer-webm: 4f35f7cbe854078d1ac9338744f61a02 -> 
  custom:container-demuxer-ogg: 62fdf1f143b41e24485cea50d1cbac27 -> 
  custom:video-encoder-webm-vp8: eb34c28f22e8b96e1ab97ce403110664 -> 
  custom:video-decoder-webm-vp8: 9c59270c3fd7afecdb556c50c9e8de78 -> 
  custom:audio-decoder-ogg-vorbis: bf7c407c2cedff20999df2af8eb42d56 -> 
  custom:audio-encoder-webm-vorbis: bf7c407c2cedff20999df2af8eb42d56 -> 
========================================================================
Received Prepare
Registering precompiled user dll's ...
Registered in 0.003566 seconds.
Begin MonoManager ReloadAssembly
Native extension for WindowsStandalone target not found
Refreshing native plugins compatible for Editor in 0.41 ms, found 3 plugins.
Preloading 0 native plugins for Editor in 0.00 ms.
Mono: successfully reloaded assembly
- Completed reload, in  0.880 seconds
Domain Reload Profiling:
	ReloadAssembly (880ms)
		BeginReloadAssembly (102ms)
			ExecutionOrderSort (0ms)
			DisableScriptedObjects (6ms)
			BackupInstance (0ms)
			ReleaseScriptingObjects (0ms)
			CreateAndSetChildDomain (29ms)
		EndReloadAssembly (724ms)
			LoadAssemblies (73ms)
			RebuildTransferFunctionScriptingTraits (0ms)
			SetupTypeCache (256ms)
			ReleaseScriptCaches (1ms)
			RebuildScriptCaches (38ms)
			SetupLoadedEditorAssemblies (264ms)
				LogAssemblyErrors (0ms)
				InitializePlatformSupportModulesInManaged (4ms)
				SetLoadedEditorAssemblies (0ms)
				RefreshPlugins (0ms)
				BeforeProcessingInitializeOnLoad (71ms)
				ProcessInitializeOnLoadAttributes (173ms)
				ProcessInitializeOnLoadMethodAttributes (9ms)
				AfterProcessingInitializeOnLoad (6ms)
				EditorAssembliesLoaded (0ms)
			ExecutionOrderSort2 (0ms)
			AwakeInstancesAfterBackupRestoration (8ms)
Platform modules already initialized, skipping
Refreshing native plugins compatible for Editor in 0.40 ms, found 3 plugins.
Preloading 0 native plugins for Editor in 0.00 ms.
Unloading 2334 Unused Serialized files (Serialized files now loaded: 0)
System memory in use before: 105.7 MB.
System memory in use after: 105.9 MB.

Unloading 18 unused Assets to reduce memory usage. Loaded Objects now: 2825.
Total: 3.005200 ms (FindLiveObjects: 0.226200 ms CreateObjectMapping: 0.115400 ms MarkObjects: 2.644900 ms  DeleteObjects: 0.017700 ms)

AssetImportParameters requested are different than current active one (requested -> active):
  custom:framework-win-MediaFoundation: 216162199b28c13a410421893ffa2e32 -> 
  custom:video-decoder-ogg-theora: a1e56fd34408186e4bbccfd4996cb3dc -> 
  custom:container-muxer-webm: aa71ff27fc2769a1b78a27578f13a17b -> 
  custom:container-demuxer-webm: 4f35f7cbe854078d1ac9338744f61a02 -> 
  custom:container-demuxer-ogg: 62fdf1f143b41e24485cea50d1cbac27 -> 
  custom:video-encoder-webm-vp8: eb34c28f22e8b96e1ab97ce403110664 -> 
  custom:video-decoder-webm-vp8: 9c59270c3fd7afecdb556c50c9e8de78 -> 
  custom:audio-decoder-ogg-vorbis: bf7c407c2cedff20999df2af8eb42d56 -> 
  custom:audio-encoder-webm-vorbis: bf7c407c2cedff20999df2af8eb42d56 -> 
========================================================================
Received Prepare
Registering precompiled user dll's ...
Registered in 0.003489 seconds.
Begin MonoManager ReloadAssembly
Native extension for WindowsStandalone target not found
Refreshing native plugins compatible for Editor in 0.39 ms, found 3 plugins.
Preloading 0 native plugins for Editor in 0.00 ms.
Mono: successfully reloaded assembly
- Completed reload, in  0.849 seconds
Domain Reload Profiling:
	ReloadAssembly (850ms)
		BeginReloadAssembly (96ms)
			ExecutionOrderSort (0ms)
			DisableScriptedObjects (5ms)
			BackupInstance (0ms)
			ReleaseScriptingObjects (0ms)
			CreateAndSetChildDomain (27ms)
		EndReloadAssembly (701ms)
			LoadAssemblies (73ms)
			RebuildTransferFunctionScriptingTraits (0ms)
			SetupTypeCache (246ms)
			ReleaseScriptCaches (1ms)
			RebuildScriptCaches (36ms)
			SetupLoadedEditorAssemblies (263ms)
				LogAssemblyErrors (0ms)
				InitializePlatformSupportModulesInManaged (4ms)
				SetLoadedEditorAssemblies (0ms)
				RefreshPlugins (0ms)
				BeforeProcessingInitializeOnLoad (68ms)
				ProcessInitializeOnLoadAttributes (176ms)
				ProcessInitializeOnLoadMethodAttributes (9ms)
				AfterProcessingInitializeOnLoad (5ms)
				EditorAssembliesLoaded (0ms)
			ExecutionOrderSort2 (0ms)
			AwakeInstancesAfterBackupRestoration (7ms)
Platform modules already initialized, skipping
Refreshing native plugins compatible for Editor in 0.40 ms, found 3 plugins.
Preloading 0 native plugins for Editor in 0.00 ms.
Unloading 2334 Unused Serialized files (Serialized files now loaded: 0)
System memory in use before: 105.6 MB.
System memory in use after: 105.8 MB.

Unloading 18 unused Assets to reduce memory usage. Loaded Objects now: 2827.
Total: 2.733200 ms (FindLiveObjects: 0.183800 ms CreateObjectMapping: 0.087800 ms MarkObjects: 2.445000 ms  DeleteObjects: 0.016000 ms)

AssetImportParameters requested are different than current active one (requested -> active):
  custom:framework-win-MediaFoundation: 216162199b28c13a410421893ffa2e32 -> 
  custom:video-decoder-ogg-theora: a1e56fd34408186e4bbccfd4996cb3dc -> 
  custom:container-muxer-webm: aa71ff27fc2769a1b78a27578f13a17b -> 
  custom:container-demuxer-webm: 4f35f7cbe854078d1ac9338744f61a02 -> 
  custom:container-demuxer-ogg: 62fdf1f143b41e24485cea50d1cbac27 -> 
  custom:video-encoder-webm-vp8: eb34c28f22e8b96e1ab97ce403110664 -> 
  custom:video-decoder-webm-vp8: 9c59270c3fd7afecdb556c50c9e8de78 -> 
  custom:audio-decoder-ogg-vorbis: bf7c407c2cedff20999df2af8eb42d56 -> 
  custom:audio-encoder-webm-vorbis: bf7c407c2cedff20999df2af8eb42d56 -> 
========================================================================
Received Import Request.
  Time since last request: 366.008585 seconds.
  path: Assets/Prefabs/2X3/drillBase2x3.prefab
  artifactKey: Guid(aced2fd8f4bdf1b4c916eff613a53c62) Importer(815301076,1909f56bfc062723c751e8b465ee728b)
Start importing Assets/Prefabs/2X3/drillBase2x3.prefab using Guid(aced2fd8f4bdf1b4c916eff613a53c62) Importer(815301076,1909f56bfc062723c751e8b465ee728b)  -> (artifact id: '5af97e18a22847043e3a13741a6823f0') in 0.040725 seconds 
  Import took 0.043756 seconds .

========================================================================
Received Import Request.
  Time since last request: 2.407547 seconds.
  path: Assets/Prefabs/1X2/DrillElement.prefab
  artifactKey: Guid(967ab59d693c5b14a9928bc411204df4) Importer(815301076,1909f56bfc062723c751e8b465ee728b)
Start importing Assets/Prefabs/1X2/DrillElement.prefab using Guid(967ab59d693c5b14a9928bc411204df4) Importer(815301076,1909f56bfc062723c751e8b465ee728b)  -> (artifact id: '5507c8e24780f2e605b08761f141a50c') in 0.020465 seconds 
  Import took 0.023320 seconds .

========================================================================
Received Import Request.
  Time since last request: 10.804476 seconds.
  path: Assets/Prefabs/Basic Ship.prefab
  artifactKey: Guid(1ef7094ea49767f47b088cca7d629387) Importer(815301076,1909f56bfc062723c751e8b465ee728b)
Start importing Assets/Prefabs/Basic Ship.prefab using Guid(1ef7094ea49767f47b088cca7d629387) Importer(815301076,1909f56bfc062723c751e8b465ee728b)  -> (artifact id: '1a42fe2696772ed85925605b8dba3788') in 0.079860 seconds 
  Import took 0.083449 seconds .

========================================================================
Received Import Request.
  Time since last request: 4.352447 seconds.
  path: Assets/Prefabs/Basic Ship.prefab
  artifactKey: Guid(1ef7094ea49767f47b088cca7d629387) Importer(815301076,1909f56bfc062723c751e8b465ee728b)
Start importing Assets/Prefabs/Basic Ship.prefab using Guid(1ef7094ea49767f47b088cca7d629387) Importer(815301076,1909f56bfc062723c751e8b465ee728b)  -> (artifact id: 'd3c991cdfae6dd643278393329a12b94') in 0.025452 seconds 
  Import took 0.028798 seconds .

========================================================================
Received Import Request.
  Time since last request: 0.360881 seconds.
  path: Assets/Prefabs/Basic Ship.prefab
  artifactKey: Guid(1ef7094ea49767f47b088cca7d629387) Importer(815301076,1909f56bfc062723c751e8b465ee728b)
Start importing Assets/Prefabs/Basic Ship.prefab using Guid(1ef7094ea49767f47b088cca7d629387) Importer(815301076,1909f56bfc062723c751e8b465ee728b)  -> (artifact id: '57241a14ede988813ad284aeb1761bc2') in 0.026537 seconds 
  Import took 0.029804 seconds .

========================================================================
Received Import Request.
  Time since last request: 0.784067 seconds.
  path: Assets/Prefabs/Basic Ship.prefab
  artifactKey: Guid(1ef7094ea49767f47b088cca7d629387) Importer(815301076,1909f56bfc062723c751e8b465ee728b)
Start importing Assets/Prefabs/Basic Ship.prefab using Guid(1ef7094ea49767f47b088cca7d629387) Importer(815301076,1909f56bfc062723c751e8b465ee728b)  -> (artifact id: '41ce77ffda67fabb6b2a6e78c8c6435d') in 0.025132 seconds 
  Import took 0.028591 seconds .

========================================================================
Received Import Request.
  Time since last request: 0.574008 seconds.
  path: Assets/Prefabs/Basic Ship.prefab
  artifactKey: Guid(1ef7094ea49767f47b088cca7d629387) Importer(815301076,1909f56bfc062723c751e8b465ee728b)
Start importing Assets/Prefabs/Basic Ship.prefab using Guid(1ef7094ea49767f47b088cca7d629387) Importer(815301076,1909f56bfc062723c751e8b465ee728b)  -> (artifact id: '4e014ad2a29ff53d9794e50349d63f9c') in 0.024380 seconds 
  Import took 0.027702 seconds .

========================================================================
Received Import Request.
  Time since last request: 0.584455 seconds.
  path: Assets/Prefabs/Basic Ship.prefab
  artifactKey: Guid(1ef7094ea49767f47b088cca7d629387) Importer(815301076,1909f56bfc062723c751e8b465ee728b)
Start importing Assets/Prefabs/Basic Ship.prefab using Guid(1ef7094ea49767f47b088cca7d629387) Importer(815301076,1909f56bfc062723c751e8b465ee728b)  -> (artifact id: 'e87af6c3ca69908b542aa100480f7448') in 0.023606 seconds 
  Import took 0.026806 seconds .

========================================================================
Received Import Request.
  Time since last request: 0.585342 seconds.
  path: Assets/Prefabs/Basic Ship.prefab
  artifactKey: Guid(1ef7094ea49767f47b088cca7d629387) Importer(815301076,1909f56bfc062723c751e8b465ee728b)
Start importing Assets/Prefabs/Basic Ship.prefab using Guid(1ef7094ea49767f47b088cca7d629387) Importer(815301076,1909f56bfc062723c751e8b465ee728b)  -> (artifact id: '84db04263ca7d1778922a536245c4bef') in 0.023634 seconds 
  Import took 0.026864 seconds .

========================================================================
Received Import Request.
  Time since last request: 0.575666 seconds.
  path: Assets/Prefabs/Basic Ship.prefab
  artifactKey: Guid(1ef7094ea49767f47b088cca7d629387) Importer(815301076,1909f56bfc062723c751e8b465ee728b)
Start importing Assets/Prefabs/Basic Ship.prefab using Guid(1ef7094ea49767f47b088cca7d629387) Importer(815301076,1909f56bfc062723c751e8b465ee728b)  -> (artifact id: '45b0693e2cb31b4ed3b104979c64b0ee') in 0.025859 seconds 
  Import took 0.029069 seconds .

========================================================================
Received Import Request.
  Time since last request: 0.568179 seconds.
  path: Assets/Prefabs/Basic Ship.prefab
  artifactKey: Guid(1ef7094ea49767f47b088cca7d629387) Importer(815301076,1909f56bfc062723c751e8b465ee728b)
Start importing Assets/Prefabs/Basic Ship.prefab using Guid(1ef7094ea49767f47b088cca7d629387) Importer(815301076,1909f56bfc062723c751e8b465ee728b)  -> (artifact id: 'ae3b225a939b4b02c1de03a9a9b9340d') in 0.023940 seconds 
  Import took 0.027242 seconds .

========================================================================
Received Import Request.
  Time since last request: 0.781197 seconds.
  path: Assets/Prefabs/Basic Ship.prefab
  artifactKey: Guid(1ef7094ea49767f47b088cca7d629387) Importer(815301076,1909f56bfc062723c751e8b465ee728b)
Start importing Assets/Prefabs/Basic Ship.prefab using Guid(1ef7094ea49767f47b088cca7d629387) Importer(815301076,1909f56bfc062723c751e8b465ee728b)  -> (artifact id: '68648b6b9c05fe73ae8a418c3a04dc67') in 0.022962 seconds 
  Import took 0.026455 seconds .

========================================================================
Received Import Request.
  Time since last request: 0.788420 seconds.
  path: Assets/Prefabs/Basic Ship.prefab
  artifactKey: Guid(1ef7094ea49767f47b088cca7d629387) Importer(815301076,1909f56bfc062723c751e8b465ee728b)
Start importing Assets/Prefabs/Basic Ship.prefab using Guid(1ef7094ea49767f47b088cca7d629387) Importer(815301076,1909f56bfc062723c751e8b465ee728b)  -> (artifact id: '890ea13080f42238d4f933fda1cbae77') in 0.020813 seconds 
  Import took 0.024006 seconds .

========================================================================
Received Import Request.
  Time since last request: 2.789225 seconds.
  path: Assets/Prefabs/Basic Ship.prefab
  artifactKey: Guid(1ef7094ea49767f47b088cca7d629387) Importer(815301076,1909f56bfc062723c751e8b465ee728b)
Start importing Assets/Prefabs/Basic Ship.prefab using Guid(1ef7094ea49767f47b088cca7d629387) Importer(815301076,1909f56bfc062723c751e8b465ee728b)  -> (artifact id: 'c222974237c4698f42519e2b8cbfd034') in 0.023951 seconds 
  Import took 0.027157 seconds .

========================================================================
Received Import Request.
  Time since last request: 0.789114 seconds.
  path: Assets/Prefabs/Basic Ship.prefab
  artifactKey: Guid(1ef7094ea49767f47b088cca7d629387) Importer(815301076,1909f56bfc062723c751e8b465ee728b)
Start importing Assets/Prefabs/Basic Ship.prefab using Guid(1ef7094ea49767f47b088cca7d629387) Importer(815301076,1909f56bfc062723c751e8b465ee728b)  -> (artifact id: 'cd585f1ed2820cb874a3588d9e1f36a7') in 0.023325 seconds 
  Import took 0.026535 seconds .

========================================================================
Received Import Request.
  Time since last request: 0.788408 seconds.
  path: Assets/Prefabs/Basic Ship.prefab
  artifactKey: Guid(1ef7094ea49767f47b088cca7d629387) Importer(815301076,1909f56bfc062723c751e8b465ee728b)
Start importing Assets/Prefabs/Basic Ship.prefab using Guid(1ef7094ea49767f47b088cca7d629387) Importer(815301076,1909f56bfc062723c751e8b465ee728b)  -> (artifact id: '0b01e23b90d999f0858ab9a6c4c4e741') in 0.024767 seconds 
  Import took 0.027927 seconds .

========================================================================
Received Import Request.
  Time since last request: 0.779707 seconds.
  path: Assets/Prefabs/Basic Ship.prefab
  artifactKey: Guid(1ef7094ea49767f47b088cca7d629387) Importer(815301076,1909f56bfc062723c751e8b465ee728b)
Start importing Assets/Prefabs/Basic Ship.prefab using Guid(1ef7094ea49767f47b088cca7d629387) Importer(815301076,1909f56bfc062723c751e8b465ee728b)  -> (artifact id: '63e3abd02a8948326ced76cb18adfb61') in 0.023333 seconds 
  Import took 0.026623 seconds .

========================================================================
Received Import Request.
  Time since last request: 0.577371 seconds.
  path: Assets/Prefabs/Basic Ship.prefab
  artifactKey: Guid(1ef7094ea49767f47b088cca7d629387) Importer(815301076,1909f56bfc062723c751e8b465ee728b)
Start importing Assets/Prefabs/Basic Ship.prefab using Guid(1ef7094ea49767f47b088cca7d629387) Importer(815301076,1909f56bfc062723c751e8b465ee728b)  -> (artifact id: '68d94b4383b7a2b9cd1d4f411520f9ed') in 0.022107 seconds 
  Import took 0.025285 seconds .

========================================================================
Received Import Request.
  Time since last request: 0.577341 seconds.
  path: Assets/Prefabs/Basic Ship.prefab
  artifactKey: Guid(1ef7094ea49767f47b088cca7d629387) Importer(815301076,1909f56bfc062723c751e8b465ee728b)
Start importing Assets/Prefabs/Basic Ship.prefab using Guid(1ef7094ea49767f47b088cca7d629387) Importer(815301076,1909f56bfc062723c751e8b465ee728b)  -> (artifact id: 'f98a3a621641dcc0b9951d3934f64f59') in 0.024556 seconds 
  Import took 0.027635 seconds .

========================================================================
Received Import Request.
  Time since last request: 0.569724 seconds.
  path: Assets/Prefabs/Basic Ship.prefab
  artifactKey: Guid(1ef7094ea49767f47b088cca7d629387) Importer(815301076,1909f56bfc062723c751e8b465ee728b)
Start importing Assets/Prefabs/Basic Ship.prefab using Guid(1ef7094ea49767f47b088cca7d629387) Importer(815301076,1909f56bfc062723c751e8b465ee728b)  -> (artifact id: '0ac6fb773a2329c5fcf3eccd6154c629') in 0.020960 seconds 
  Import took 0.023929 seconds .

========================================================================
Received Prepare
Registering precompiled user dll's ...
Registered in 0.003465 seconds.
Begin MonoManager ReloadAssembly
Native extension for WindowsStandalone target not found
Refreshing native plugins compatible for Editor in 0.39 ms, found 3 plugins.
Preloading 0 native plugins for Editor in 0.00 ms.
Mono: successfully reloaded assembly
- Completed reload, in  0.853 seconds
Domain Reload Profiling:
	ReloadAssembly (854ms)
		BeginReloadAssembly (102ms)
			ExecutionOrderSort (0ms)
			DisableScriptedObjects (5ms)
			BackupInstance (0ms)
			ReleaseScriptingObjects (0ms)
			CreateAndSetChildDomain (32ms)
		EndReloadAssembly (697ms)
			LoadAssemblies (70ms)
			RebuildTransferFunctionScriptingTraits (0ms)
			SetupTypeCache (243ms)
			ReleaseScriptCaches (1ms)
			RebuildScriptCaches (36ms)
			SetupLoadedEditorAssemblies (262ms)
				LogAssemblyErrors (0ms)
				InitializePlatformSupportModulesInManaged (4ms)
				SetLoadedEditorAssemblies (0ms)
				RefreshPlugins (0ms)
				BeforeProcessingInitializeOnLoad (67ms)
				ProcessInitializeOnLoadAttributes (175ms)
				ProcessInitializeOnLoadMethodAttributes (10ms)
				AfterProcessingInitializeOnLoad (5ms)
				EditorAssembliesLoaded (0ms)
			ExecutionOrderSort2 (0ms)
			AwakeInstancesAfterBackupRestoration (7ms)
Platform modules already initialized, skipping
Refreshing native plugins compatible for Editor in 0.43 ms, found 3 plugins.
Preloading 0 native plugins for Editor in 0.00 ms.
Unloading 2334 Unused Serialized files (Serialized files now loaded: 0)
System memory in use before: 105.7 MB.
System memory in use after: 105.9 MB.

Unloading 18 unused Assets to reduce memory usage. Loaded Objects now: 2830.
Total: 2.719400 ms (FindLiveObjects: 0.189200 ms CreateObjectMapping: 0.083200 ms MarkObjects: 2.433400 ms  DeleteObjects: 0.012900 ms)

AssetImportParameters requested are different than current active one (requested -> active):
  custom:framework-win-MediaFoundation: 216162199b28c13a410421893ffa2e32 -> 
  custom:video-decoder-ogg-theora: a1e56fd34408186e4bbccfd4996cb3dc -> 
  custom:container-muxer-webm: aa71ff27fc2769a1b78a27578f13a17b -> 
  custom:container-demuxer-webm: 4f35f7cbe854078d1ac9338744f61a02 -> 
  custom:container-demuxer-ogg: 62fdf1f143b41e24485cea50d1cbac27 -> 
  custom:video-encoder-webm-vp8: eb34c28f22e8b96e1ab97ce403110664 -> 
  custom:video-decoder-webm-vp8: 9c59270c3fd7afecdb556c50c9e8de78 -> 
  custom:audio-decoder-ogg-vorbis: bf7c407c2cedff20999df2af8eb42d56 -> 
  custom:audio-encoder-webm-vorbis: bf7c407c2cedff20999df2af8eb42d56 -> 
========================================================================
Received Prepare
Registering precompiled user dll's ...
Registered in 0.003500 seconds.
Begin MonoManager ReloadAssembly
Native extension for WindowsStandalone target not found
Refreshing native plugins compatible for Editor in 0.39 ms, found 3 plugins.
Preloading 0 native plugins for Editor in 0.00 ms.
Mono: successfully reloaded assembly
- Completed reload, in  0.862 seconds
Domain Reload Profiling:
	ReloadAssembly (862ms)
		BeginReloadAssembly (99ms)
			ExecutionOrderSort (0ms)
			DisableScriptedObjects (6ms)
			BackupInstance (0ms)
			ReleaseScriptingObjects (0ms)
			CreateAndSetChildDomain (32ms)
		EndReloadAssembly (714ms)
			LoadAssemblies (73ms)
			RebuildTransferFunctionScriptingTraits (0ms)
			SetupTypeCache (243ms)
			ReleaseScriptCaches (1ms)
			RebuildScriptCaches (42ms)
			SetupLoadedEditorAssemblies (271ms)
				LogAssemblyErrors (0ms)
				InitializePlatformSupportModulesInManaged (4ms)
				SetLoadedEditorAssemblies (0ms)
				RefreshPlugins (0ms)
				BeforeProcessingInitializeOnLoad (69ms)
				ProcessInitializeOnLoadAttributes (182ms)
				ProcessInitializeOnLoadMethodAttributes (9ms)
				AfterProcessingInitializeOnLoad (5ms)
				EditorAssembliesLoaded (0ms)
			ExecutionOrderSort2 (0ms)
			AwakeInstancesAfterBackupRestoration (7ms)
Platform modules already initialized, skipping
Refreshing native plugins compatible for Editor in 0.39 ms, found 3 plugins.
Preloading 0 native plugins for Editor in 0.00 ms.
Unloading 2334 Unused Serialized files (Serialized files now loaded: 0)
System memory in use before: 105.7 MB.
System memory in use after: 106.0 MB.

Unloading 18 unused Assets to reduce memory usage. Loaded Objects now: 2832.
Total: 2.507900 ms (FindLiveObjects: 0.189200 ms CreateObjectMapping: 0.088600 ms MarkObjects: 2.216600 ms  DeleteObjects: 0.012700 ms)

AssetImportParameters requested are different than current active one (requested -> active):
  custom:framework-win-MediaFoundation: 216162199b28c13a410421893ffa2e32 -> 
  custom:video-decoder-ogg-theora: a1e56fd34408186e4bbccfd4996cb3dc -> 
  custom:container-muxer-webm: aa71ff27fc2769a1b78a27578f13a17b -> 
  custom:container-demuxer-webm: 4f35f7cbe854078d1ac9338744f61a02 -> 
  custom:container-demuxer-ogg: 62fdf1f143b41e24485cea50d1cbac27 -> 
  custom:video-encoder-webm-vp8: eb34c28f22e8b96e1ab97ce403110664 -> 
  custom:video-decoder-webm-vp8: 9c59270c3fd7afecdb556c50c9e8de78 -> 
  custom:audio-decoder-ogg-vorbis: bf7c407c2cedff20999df2af8eb42d56 -> 
  custom:audio-encoder-webm-vorbis: bf7c407c2cedff20999df2af8eb42d56 -> 
========================================================================
Received Prepare
Registering precompiled user dll's ...
Registered in 0.003960 seconds.
Begin MonoManager ReloadAssembly
Native extension for WindowsStandalone target not found
Refreshing native plugins compatible for Editor in 0.45 ms, found 3 plugins.
Preloading 0 native plugins for Editor in 0.00 ms.
Mono: successfully reloaded assembly
- Completed reload, in  0.973 seconds
Domain Reload Profiling:
	ReloadAssembly (976ms)
		BeginReloadAssembly (146ms)
			ExecutionOrderSort (0ms)
			DisableScriptedObjects (13ms)
			BackupInstance (0ms)
			ReleaseScriptingObjects (0ms)
			CreateAndSetChildDomain (63ms)
		EndReloadAssembly (771ms)
			LoadAssemblies (91ms)
			RebuildTransferFunctionScriptingTraits (0ms)
			SetupTypeCache (275ms)
			ReleaseScriptCaches (1ms)
			RebuildScriptCaches (39ms)
			SetupLoadedEditorAssemblies (273ms)
				LogAssemblyErrors (0ms)
				InitializePlatformSupportModulesInManaged (4ms)
				SetLoadedEditorAssemblies (1ms)
				RefreshPlugins (1ms)
				BeforeProcessingInitializeOnLoad (72ms)
				ProcessInitializeOnLoadAttributes (181ms)
				ProcessInitializeOnLoadMethodAttributes (9ms)
				AfterProcessingInitializeOnLoad (5ms)
				EditorAssembliesLoaded (0ms)
			ExecutionOrderSort2 (0ms)
			AwakeInstancesAfterBackupRestoration (8ms)
Platform modules already initialized, skipping
Refreshing native plugins compatible for Editor in 0.40 ms, found 3 plugins.
Preloading 0 native plugins for Editor in 0.00 ms.
Unloading 2334 Unused Serialized files (Serialized files now loaded: 0)
System memory in use before: 105.7 MB.
System memory in use after: 106.0 MB.

Unloading 18 unused Assets to reduce memory usage. Loaded Objects now: 2834.
Total: 3.540200 ms (FindLiveObjects: 0.317400 ms CreateObjectMapping: 0.121700 ms MarkObjects: 3.060000 ms  DeleteObjects: 0.039200 ms)

AssetImportParameters requested are different than current active one (requested -> active):
  custom:framework-win-MediaFoundation: 216162199b28c13a410421893ffa2e32 -> 
  custom:video-decoder-ogg-theora: a1e56fd34408186e4bbccfd4996cb3dc -> 
  custom:container-muxer-webm: aa71ff27fc2769a1b78a27578f13a17b -> 
  custom:container-demuxer-webm: 4f35f7cbe854078d1ac9338744f61a02 -> 
  custom:container-demuxer-ogg: 62fdf1f143b41e24485cea50d1cbac27 -> 
  custom:video-encoder-webm-vp8: eb34c28f22e8b96e1ab97ce403110664 -> 
  custom:video-decoder-webm-vp8: 9c59270c3fd7afecdb556c50c9e8de78 -> 
  custom:audio-decoder-ogg-vorbis: bf7c407c2cedff20999df2af8eb42d56 -> 
  custom:audio-encoder-webm-vorbis: bf7c407c2cedff20999df2af8eb42d56 -> 
========================================================================
Received Import Request.
  Time since last request: 11297.962832 seconds.
  path: Assets/Textures/ShipParts/copperDrill.png
  artifactKey: Guid(f68cf412d93600b4bbd9f5cfacb62ab9) Importer(815301076,1909f56bfc062723c751e8b465ee728b)
Start importing Assets/Textures/ShipParts/copperDrill.png using Guid(f68cf412d93600b4bbd9f5cfacb62ab9) Importer(815301076,1909f56bfc062723c751e8b465ee728b)  -> (artifact id: 'ec469fdae3f9fedad2f44dcc92bc91f8') in 0.307256 seconds 
  Import took 0.363331 seconds .

========================================================================
Received Import Request.
  Time since last request: 0.000162 seconds.
  path: Assets/Textures/ShipParts/drill.png
  artifactKey: Guid(aa20be018ce3d1344a66444143d73e55) Importer(815301076,1909f56bfc062723c751e8b465ee728b)
Start importing Assets/Textures/ShipParts/drill.png using Guid(aa20be018ce3d1344a66444143d73e55) Importer(815301076,1909f56bfc062723c751e8b465ee728b)  -> (artifact id: '8859aaf92fa962af1a05852424be9060') in 0.011319 seconds 
  Import took 0.013919 seconds .

========================================================================
Received Import Request.
  Time since last request: 0.000121 seconds.
  path: Assets/Textures/ShipParts/diamondDrill.png
  artifactKey: Guid(4b0346e99973b734581ca8c9da222412) Importer(815301076,1909f56bfc062723c751e8b465ee728b)
Start importing Assets/Textures/ShipParts/diamondDrill.png using Guid(4b0346e99973b734581ca8c9da222412) Importer(815301076,1909f56bfc062723c751e8b465ee728b)  -> (artifact id: 'c606ce97c0ddc91babf2a0ff61a915d8') in 0.009131 seconds 
  Import took 0.011720 seconds .

AssetImportWorkerClient::OnTransportError - code=2 error=End of file
